<?xml version="1.0" encoding="UTF-8"?>
<testng-results skipped="0" failed="0" total="0" passed="0">
  <reporter-output>
  </reporter-output>
  <suite name="com.qa_infotech.demo.Assignment_5.AppTest" duration-ms="3" started-at="2017-07-31T07:04:23Z" finished-at="2017-07-31T07:04:23Z">
    <groups>
    </groups>
    <test name="Command line test" duration-ms="3" started-at="2017-07-31T07:04:23Z" finished-at="2017-07-31T07:04:23Z">
    </test> <!-- Command line test -->
  </suite> <!-- com.qa_infotech.demo.Assignment_5.AppTest -->
</testng-results>
